mode: set
github.com/meta-node-blockchain/meta-node/pkg/storage/leveldb.go:9.48,11.16 2 1
github.com/meta-node-blockchain/meta-node/pkg/storage/leveldb.go:14.2,14.26 1 1
github.com/meta-node-blockchain/meta-node/pkg/storage/leveldb.go:11.16,13.3 1 0
github.com/meta-node-blockchain/meta-node/pkg/storage/leveldb.go:17.53,19.2 1 1
github.com/meta-node-blockchain/meta-node/pkg/storage/leveldb.go:21.50,23.2 1 1
github.com/meta-node-blockchain/meta-node/pkg/storage/leveldb.go:25.42,28.2 2 1
github.com/meta-node-blockchain/meta-node/pkg/storage/leveldb.go:30.46,32.2 1 1
github.com/meta-node-blockchain/meta-node/pkg/storage/leveldb.go:34.53,36.21 2 1
github.com/meta-node-blockchain/meta-node/pkg/storage/leveldb.go:39.2,39.33 1 1
github.com/meta-node-blockchain/meta-node/pkg/storage/leveldb.go:36.21,38.3 1 1
github.com/meta-node-blockchain/meta-node/pkg/storage/leveldb.go:42.29,44.2 1 0
github.com/meta-node-blockchain/meta-node/pkg/storage/leveldb.go:46.45,48.2 1 1
github.com/meta-node-blockchain/meta-node/pkg/storage/memorydb.go:24.66,26.25 2 1
github.com/meta-node-blockchain/meta-node/pkg/storage/memorydb.go:29.2,34.3 2 1
github.com/meta-node-blockchain/meta-node/pkg/storage/memorydb.go:26.25,28.3 1 1
github.com/meta-node-blockchain/meta-node/pkg/storage/memorydb.go:37.46,39.2 1 0
github.com/meta-node-blockchain/meta-node/pkg/storage/memorydb.go:41.42,42.30 1 1
github.com/meta-node-blockchain/meta-node/pkg/storage/memorydb.go:45.2,46.13 2 1
github.com/meta-node-blockchain/meta-node/pkg/storage/memorydb.go:42.30,44.3 1 1
github.com/meta-node-blockchain/meta-node/pkg/storage/memorydb.go:49.43,51.2 1 1
github.com/meta-node-blockchain/meta-node/pkg/storage/memorydb.go:53.45,55.2 1 1
github.com/meta-node-blockchain/meta-node/pkg/storage/memorydb.go:57.41,59.2 0 0
github.com/meta-node-blockchain/meta-node/pkg/storage/memorydb.go:60.44,63.2 1 0
github.com/meta-node-blockchain/meta-node/pkg/storage/memorydb.go:65.30,70.2 1 1
github.com/meta-node-blockchain/meta-node/pkg/storage/memorydb.go:72.53,76.32 4 1
github.com/meta-node-blockchain/meta-node/pkg/storage/memorydb.go:76.32,78.3 1 1
github.com/meta-node-blockchain/meta-node/pkg/storage/memorydb.go:78.8,80.3 1 1
github.com/meta-node-blockchain/meta-node/pkg/storage/memorydb.go:83.50,89.2 5 1
github.com/meta-node-blockchain/meta-node/pkg/storage/memorydb.go:91.42,97.2 5 1
github.com/meta-node-blockchain/meta-node/pkg/storage/memorydb.go:99.46,103.32 4 1
github.com/meta-node-blockchain/meta-node/pkg/storage/memorydb.go:108.2,108.12 1 1
github.com/meta-node-blockchain/meta-node/pkg/storage/memorydb.go:103.32,105.3 1 1
github.com/meta-node-blockchain/meta-node/pkg/storage/memorydb.go:105.8,107.3 1 1
github.com/meta-node-blockchain/meta-node/pkg/storage/memorydb.go:111.53,112.21 1 1
github.com/meta-node-blockchain/meta-node/pkg/storage/memorydb.go:115.2,115.12 1 1
github.com/meta-node-blockchain/meta-node/pkg/storage/memorydb.go:112.21,114.3 1 1
github.com/meta-node-blockchain/meta-node/pkg/storage/memorydb.go:118.30,118.31 0 0
